<?xml version="1.0" encoding="UTF-8"?>
<!-- Generated by org.testng.reporters.JUnitXMLReporter -->
<testsuite ignored="0" hostname="PC124" failures="0" tests="3" name="Android ApiDemos Tests" time="27.351" errors="0" timestamp="2026-05-31T17:22:14 CEST">
  <testcase classname="tests.ApiDemosTest" name="testHomeScreenLoads" time="4.094"/>
  <testcase classname="tests.ApiDemosTest" name="testNavigateToAccessibility" time="2.554"/>
  <testcase classname="tests.ApiDemosTest" name="testViewsSectionExists" time="1.638"/>
</testsuite> <!-- Android ApiDemos Tests -->
