<?xml version="1.0" encoding="UTF-8"?>
<testsuite xmlns:xsi="http://www.w3.org/2001/XMLSchema-instance" xsi:noNamespaceSchemaLocation="https://maven.apache.org/surefire/maven-surefire-plugin/xsd/surefire-test-report-3.0.xsd" version="3.0" name="TestSuite" time="28.644" tests="3" errors="0" skipped="0" failures="0">
  <properties>
[...]
</properties>
  <testcase name="testHomeScreenLoads" classname="tests.ApiDemosTest" time="4.096">
    <system-out><![CDATA[Driver iniciado - sesion BrowserStack activa
Items encontrados: [API Demos, Access'ibility, Accessibility, Animation, App, Content, Graphics, Media, NFC, OS, Preference, Text, Views]
]]></system-out>
    <system-err><![CDATA[SLF4J: No SLF4J providers were found.
SLF4J: Defaulting to no-operation (NOP) logger implementation
SLF4J: See https://www.slf4j.org/codes.html#noProviders for further details.
]]></system-err>
  </testcase>
  <testcase name="testNavigateToAccessibility" classname="tests.ApiDemosTest" time="2.543">
    <system-out><![CDATA[Navegacion a Accessibility exitosa
]]></system-out>
  </testcase>
  <testcase name="testViewsSectionExists" classname="tests.ApiDemosTest" time="1.656">
    <system-out><![CDATA[Seccion Views encontrada
]]></system-out>
  </testcase>
</testsuite>